Determining if the pthread_create exist failed with the following output:
Change Dir: /home/alan/catkin_ws/build_isolated/decomp_ros_msgs/CMakeFiles/CMakeTmp

Run Build Command:"/usr/bin/make" "cmTC_fa1bf/fast"
/usr/bin/make -f CMakeFiles/cmTC_fa1bf.dir/build.make CMakeFiles/cmTC_fa1bf.dir/build
make[1]: 进入目录“/home/alan/catkin_ws/build_isolated/decomp_ros_msgs/CMakeFiles/CMakeTmp”
Building C object CMakeFiles/cmTC_fa1bf.dir/CheckSymbolExists.c.o
/usr/bin/cc    -o CMakeFiles/cmTC_fa1bf.dir/CheckSymbolExists.c.o   -c /home/alan/catkin_ws/build_isolated/decomp_ros_msgs/CMakeFiles/CMakeTmp/CheckSymbolExists.c
Linking C executable cmTC_fa1bf
/usr/bin/cmake -E cmake_link_script CMakeFiles/cmTC_fa1bf.dir/link.txt --verbose=1
/usr/bin/cc      -rdynamic CMakeFiles/cmTC_fa1bf.dir/CheckSymbolExists.c.o  -o cmTC_fa1bf 
CMakeFiles/cmTC_fa1bf.dir/CheckSymbolExists.c.o：在函数‘main’中：
CheckSymbolExists.c:(.text+0x1b)：对‘pthread_create’未定义的引用
collect2: error: ld returned 1 exit status
CMakeFiles/cmTC_fa1bf.dir/build.make:97: recipe for target 'cmTC_fa1bf' failed
make[1]: *** [cmTC_fa1bf] Error 1
make[1]: 离开目录“/home/alan/catkin_ws/build_isolated/decomp_ros_msgs/CMakeFiles/CMakeTmp”
Makefile:126: recipe for target 'cmTC_fa1bf/fast' failed
make: *** [cmTC_fa1bf/fast] Error 2

File /home/alan/catkin_ws/build_isolated/decomp_ros_msgs/CMakeFiles/CMakeTmp/CheckSymbolExists.c:
/* */
#include <pthread.h>

int main(int argc, char** argv)
{
  (void)argv;
#ifndef pthread_create
  return ((int*)(&pthread_create))[argc];
#else
  (void)argc;
  return 0;
#endif
}

Determining if the function pthread_create exists in the pthreads failed with the following output:
Change Dir: /home/alan/catkin_ws/build_isolated/decomp_ros_msgs/CMakeFiles/CMakeTmp

Run Build Command:"/usr/bin/make" "cmTC_18fb5/fast"
/usr/bin/make -f CMakeFiles/cmTC_18fb5.dir/build.make CMakeFiles/cmTC_18fb5.dir/build
make[1]: 进入目录“/home/alan/catkin_ws/build_isolated/decomp_ros_msgs/CMakeFiles/CMakeTmp”
Building C object CMakeFiles/cmTC_18fb5.dir/CheckFunctionExists.c.o
/usr/bin/cc   -DCHECK_FUNCTION_EXISTS=pthread_create   -o CMakeFiles/cmTC_18fb5.dir/CheckFunctionExists.c.o   -c /usr/share/cmake-3.10/Modules/CheckFunctionExists.c
Linking C executable cmTC_18fb5
/usr/bin/cmake -E cmake_link_script CMakeFiles/cmTC_18fb5.dir/link.txt --verbose=1
/usr/bin/cc  -DCHECK_FUNCTION_EXISTS=pthread_create    -rdynamic CMakeFiles/cmTC_18fb5.dir/CheckFunctionExists.c.o  -o cmTC_18fb5 -lpthreads 
/usr/bin/ld: 找不到 -lpthreads
collect2: error: ld returned 1 exit status
CMakeFiles/cmTC_18fb5.dir/build.make:97: recipe for target 'cmTC_18fb5' failed
make[1]: *** [cmTC_18fb5] Error 1
make[1]: 离开目录“/home/alan/catkin_ws/build_isolated/decomp_ros_msgs/CMakeFiles/CMakeTmp”
Makefile:126: recipe for target 'cmTC_18fb5/fast' failed
make: *** [cmTC_18fb5/fast] Error 2


